<?xml version="1.0" encoding="UTF-8"?>
<!-- Generated by org.testng.reporters.JUnitXMLReporter -->
<testsuite ignored="0" hostname="ATMECSINLT-1202" failures="0" tests="10" name="Default test" time="18.536" errors="0" timestamp="2022-06-06T17:17:16 IST">
  <testcase classname="seleniumTestSamples.AddToCartUsingTables" name="getWebsite" time="13.749"/>
  <testcase classname="seleniumTestSamples.AddToCartUsingTables" name="scrollWebsite" time="0.117"/>
  <testcase classname="seleniumTestSamples.AddToCartUsingTables" name="showHeaders" time="0.465"/>
  <testcase classname="seleniumTestSamples.AddToCartUsingTables" name="listElementsInList" time="3.287"/>
  <testcase classname="seleniumTestSamples.AddToCartUsingTables" name="showBurjKalifaDetails" time="0.157"/>
  <testcase classname="seleniumTestSamples.AddToCartUsingTables" name="showClockTowerHotelDetails" time="0.14"/>
  <testcase classname="seleniumTestSamples.AddToCartUsingTables" name="showTaipei101Dteails" time="0.151"/>
  <testcase classname="seleniumTestSamples.AddToCartUsingTables" name="showFinancialCenterDetails" time="0.132"/>
  <testcase classname="seleniumTestSamples.AddToCartUsingTables" name="heightOfBurjKalifa" time="0.213"/>
  <testcase classname="seleniumTestSamples.AddToCartUsingTables" name="VerifyColumnValue" time="0.038"/>
</testsuite> <!-- Default test -->
