<?xml version="1.0" encoding="UTF-8"?>
<testng-results ignored="0" total="10" passed="10" failed="0" skipped="0">
  <reporter-output>
  </reporter-output>
  <suite started-at="2022-06-06T17:16:58 IST" name="Default suite" finished-at="2022-06-06T17:17:16 IST" duration-ms="18536">
    <groups>
    </groups>
    <test started-at="2022-06-06T17:16:58 IST" name="Default test" finished-at="2022-06-06T17:17:16 IST" duration-ms="18536">
      <class name="seleniumTestSamples.AddToCartUsingTables">
        <test-method signature="getWebsite()[pri:1, instance:seleniumTestSamples.AddToCartUsingTables@5f058f00]" started-at="2022-06-06T17:16:58 IST" name="getWebsite" finished-at="2022-06-06T17:17:12 IST" duration-ms="13749" status="PASS">
          <reporter-output>
          </reporter-output>
        </test-method> <!-- getWebsite -->
        <test-method signature="scrollWebsite()[pri:2, instance:seleniumTestSamples.AddToCartUsingTables@5f058f00]" started-at="2022-06-06T17:17:12 IST" name="scrollWebsite" finished-at="2022-06-06T17:17:12 IST" duration-ms="117" status="PASS">
          <reporter-output>
          </reporter-output>
        </test-method> <!-- scrollWebsite -->
        <test-method signature="showHeaders()[pri:3, instance:seleniumTestSamples.AddToCartUsingTables@5f058f00]" started-at="2022-06-06T17:17:12 IST" name="showHeaders" finished-at="2022-06-06T17:17:12 IST" duration-ms="465" status="PASS">
          <reporter-output>
          </reporter-output>
        </test-method> <!-- showHeaders -->
        <test-method signature="listElementsInList()[pri:4, instance:seleniumTestSamples.AddToCartUsingTables@5f058f00]" started-at="2022-06-06T17:17:12 IST" name="listElementsInList" finished-at="2022-06-06T17:17:16 IST" duration-ms="3287" status="PASS">
          <reporter-output>
          </reporter-output>
        </test-method> <!-- listElementsInList -->
        <test-method signature="showBurjKalifaDetails()[pri:5, instance:seleniumTestSamples.AddToCartUsingTables@5f058f00]" started-at="2022-06-06T17:17:16 IST" name="showBurjKalifaDetails" finished-at="2022-06-06T17:17:16 IST" duration-ms="157" status="PASS">
          <reporter-output>
          </reporter-output>
        </test-method> <!-- showBurjKalifaDetails -->
        <test-method signature="showClockTowerHotelDetails()[pri:6, instance:seleniumTestSamples.AddToCartUsingTables@5f058f00]" started-at="2022-06-06T17:17:16 IST" name="showClockTowerHotelDetails" finished-at="2022-06-06T17:17:16 IST" duration-ms="140" status="PASS">
          <reporter-output>
          </reporter-output>
        </test-method> <!-- showClockTowerHotelDetails -->
        <test-method signature="showTaipei101Dteails()[pri:7, instance:seleniumTestSamples.AddToCartUsingTables@5f058f00]" started-at="2022-06-06T17:17:16 IST" name="showTaipei101Dteails" finished-at="2022-06-06T17:17:16 IST" duration-ms="151" status="PASS">
          <reporter-output>
          </reporter-output>
        </test-method> <!-- showTaipei101Dteails -->
        <test-method signature="showFinancialCenterDetails()[pri:8, instance:seleniumTestSamples.AddToCartUsingTables@5f058f00]" started-at="2022-06-06T17:17:16 IST" name="showFinancialCenterDetails" finished-at="2022-06-06T17:17:16 IST" duration-ms="132" status="PASS">
          <reporter-output>
          </reporter-output>
        </test-method> <!-- showFinancialCenterDetails -->
        <test-method signature="heightOfBurjKalifa()[pri:9, instance:seleniumTestSamples.AddToCartUsingTables@5f058f00]" started-at="2022-06-06T17:17:16 IST" name="heightOfBurjKalifa" finished-at="2022-06-06T17:17:16 IST" duration-ms="213" status="PASS">
          <reporter-output>
          </reporter-output>
        </test-method> <!-- heightOfBurjKalifa -->
        <test-method signature="VerifyColumnValue()[pri:10, instance:seleniumTestSamples.AddToCartUsingTables@5f058f00]" started-at="2022-06-06T17:17:16 IST" name="VerifyColumnValue" finished-at="2022-06-06T17:17:16 IST" duration-ms="38" status="PASS">
          <reporter-output>
          </reporter-output>
        </test-method> <!-- VerifyColumnValue -->
      </class> <!-- seleniumTestSamples.AddToCartUsingTables -->
    </test> <!-- Default test -->
  </suite> <!-- Default suite -->
</testng-results>
